Flow report for Rep_Fin_B0829002
Thu Jan 12 17:33:59 2023
Quartus Prime Version 20.1.1 Build 720 11/11/2020 SJ Lite Edition


---------------------
; Table of Contents ;
---------------------
  1. Legal Notice
  2. Flow Summary
  3. Flow Settings
  4. Flow Non-Default Global Settings
  5. Flow Elapsed Time
  6. Flow OS Summary
  7. Flow Log
  8. Flow Messages
  9. Flow Suppressed Messages



----------------
; Legal Notice ;
----------------
Copyright (C) 2020  Intel Corporation. All rights reserved.
Your use of Intel Corporation's design tools, logic functions 
and other software and tools, and any partner logic 
functions, and any output files from any of the foregoing 
(including device programming or simulation files), and any 
associated documentation or information are expressly subject 
to the terms and conditions of the Intel Program License 
Subscription Agreement, the Intel Quartus Prime License Agreement,
the Intel FPGA IP License Agreement, or other applicable license
agreement, including, without limitation, that your use is for
the sole purpose of programming logic devices manufactured by
Intel and sold by Intel or its authorized distributors.  Please
refer to the applicable agreement for further details, at
https://fpgasoftware.intel.com/eula.



+----------------------------------------------------------------------------------+
; Flow Summary                                                                     ;
+------------------------------------+---------------------------------------------+
; Flow Status                        ; Successful - Thu Jan 12 17:33:59 2023       ;
; Quartus Prime Version              ; 20.1.1 Build 720 11/11/2020 SJ Lite Edition ;
; Revision Name                      ; Rep_Fin_B0829002                            ;
; Top-level Entity Name              ; Top                                         ;
; Family                             ; Cyclone IV E                                ;
; Device                             ; EP4CE115F29C7                               ;
; Timing Models                      ; Final                                       ;
; Total logic elements               ; 2,782 / 114,480 ( 2 % )                     ;
;     Total combinational functions  ; 1,884 / 114,480 ( 2 % )                     ;
;     Dedicated logic registers      ; 2,120 / 114,480 ( 2 % )                     ;
; Total registers                    ; 2120                                        ;
; Total pins                         ; 115 / 529 ( 22 % )                          ;
; Total virtual pins                 ; 0                                           ;
; Total memory bits                  ; 0 / 3,981,312 ( 0 % )                       ;
; Embedded Multiplier 9-bit elements ; 0 / 532 ( 0 % )                             ;
; Total PLLs                         ; 0 / 4 ( 0 % )                               ;
+------------------------------------+---------------------------------------------+


+-----------------------------------------+
; Flow Settings                           ;
+-------------------+---------------------+
; Option            ; Setting             ;
+-------------------+---------------------+
; Start date & time ; 01/12/2023 17:29:39 ;
; Main task         ; Compilation         ;
; Revision Name     ; Rep_Fin_B0829002    ;
+-------------------+---------------------+


+--------------------------------------------------------------------------------------------------------------------------------+
; Flow Non-Default Global Settings                                                                                               ;
+-------------------------------------+----------------------------------------+------------------+-------------+----------------+
; Assignment Name                     ; Value                                  ; Default Value    ; Entity Name ; Section Id     ;
+-------------------------------------+----------------------------------------+------------------+-------------+----------------+
; COMPILER_SIGNATURE_ID               ; 103502382033861.167351577823468        ; --               ; --          ; --             ;
; EDA_OUTPUT_DATA_FORMAT              ; Verilog Hdl                            ; --               ; --          ; eda_simulation ;
; EDA_SIMULATION_TOOL                 ; ModelSim-Altera (Verilog)              ; <None>           ; --          ; --             ;
; MAX_CORE_JUNCTION_TEMP              ; 85                                     ; --               ; --          ; --             ;
; MIN_CORE_JUNCTION_TEMP              ; 0                                      ; --               ; --          ; --             ;
; PARTITION_COLOR                     ; -- (Not supported for targeted family) ; --               ; Top         ; Top            ;
; PARTITION_FITTER_PRESERVATION_LEVEL ; -- (Not supported for targeted family) ; --               ; Top         ; Top            ;
; PARTITION_NETLIST_TYPE              ; -- (Not supported for targeted family) ; --               ; Top         ; Top            ;
; POWER_BOARD_THERMAL_MODEL           ; None (CONSERVATIVE)                    ; --               ; --          ; --             ;
; POWER_PRESET_COOLING_SOLUTION       ; 23 MM HEAT SINK WITH 200 LFPM AIRFLOW  ; --               ; --          ; --             ;
; PROJECT_OUTPUT_DIRECTORY            ; output_files                           ; --               ; --          ; --             ;
; TOP_LEVEL_ENTITY                    ; Top                                    ; Rep_Fin_B0829002 ; --          ; --             ;
+-------------------------------------+----------------------------------------+------------------+-------------+----------------+


+--------------------------------------------------------------------------------------------------------------------------+
; Flow Elapsed Time                                                                                                        ;
+----------------------+--------------+-------------------------+---------------------+------------------------------------+
; Module Name          ; Elapsed Time ; Average Processors Used ; Peak Virtual Memory ; Total CPU Time (on all processors) ;
+----------------------+--------------+-------------------------+---------------------+------------------------------------+
; Analysis & Synthesis ; 00:00:31     ; 1.0                     ; 4770 MB             ; 00:01:01                           ;
; Fitter               ; 00:03:25     ; 1.0                     ; 5699 MB             ; 00:04:18                           ;
; Assembler            ; 00:00:06     ; 1.0                     ; 4688 MB             ; 00:00:06                           ;
; Timing Analyzer      ; 00:00:06     ; 1.3                     ; 4858 MB             ; 00:00:06                           ;
; EDA Netlist Writer   ; 00:00:06     ; 1.0                     ; 4674 MB             ; 00:00:05                           ;
; Total                ; 00:04:14     ; --                      ; --                  ; 00:05:36                           ;
+----------------------+--------------+-------------------------+---------------------+------------------------------------+


+------------------------------------------------------------------------------------+
; Flow OS Summary                                                                    ;
+----------------------+------------------+------------+------------+----------------+
; Module Name          ; Machine Hostname ; OS Name    ; OS Version ; Processor type ;
+----------------------+------------------+------------+------------+----------------+
; Analysis & Synthesis ; LAPTOP-90K95NB2  ; Windows 10 ; 10.0       ; x86_64         ;
; Fitter               ; LAPTOP-90K95NB2  ; Windows 10 ; 10.0       ; x86_64         ;
; Assembler            ; LAPTOP-90K95NB2  ; Windows 10 ; 10.0       ; x86_64         ;
; Timing Analyzer      ; LAPTOP-90K95NB2  ; Windows 10 ; 10.0       ; x86_64         ;
; EDA Netlist Writer   ; LAPTOP-90K95NB2  ; Windows 10 ; 10.0       ; x86_64         ;
+----------------------+------------------+------------+------------+----------------+


------------
; Flow Log ;
------------
quartus_map --read_settings_files=on --write_settings_files=off Rep_Fin_B0829002 -c Rep_Fin_B0829002
quartus_fit --read_settings_files=off --write_settings_files=off Rep_Fin_B0829002 -c Rep_Fin_B0829002
quartus_asm --read_settings_files=off --write_settings_files=off Rep_Fin_B0829002 -c Rep_Fin_B0829002
quartus_sta Rep_Fin_B0829002 -c Rep_Fin_B0829002
quartus_eda --read_settings_files=off --write_settings_files=off Rep_Fin_B0829002 -c Rep_Fin_B0829002



