Analysis & Synthesis report for Rep_Mid
Fri Dec 09 16:27:27 2022
Quartus Prime Version 20.1.1 Build 720 11/11/2020 SJ Lite Edition


---------------------
; Table of Contents ;
---------------------
  1. Legal Notice
  2. Analysis & Synthesis Summary
  3. Analysis & Synthesis Settings
  4. Parallel Compilation
  5. Analysis & Synthesis Source Files Read
  6. Analysis & Synthesis Resource Usage Summary
  7. Analysis & Synthesis Resource Utilization by Entity
  8. General Register Statistics
  9. Inverted Register Statistics
 10. Multiplexer Restructuring Statistics (Restructuring Performed)
 11. Parameter Settings for User Entity Instance: Top-level Entity: |Rep_Mid
 12. Parameter Settings for User Entity Instance: debounce:comb_7
 13. Parameter Settings for User Entity Instance: debounce:comb_8
 14. Parameter Settings for User Entity Instance: debounce:comb_9
 15. Parameter Settings for User Entity Instance: debounce:comb_10
 16. Post-Synthesis Netlist Statistics for Top Partition
 17. Elapsed Time Per Partition
 18. Analysis & Synthesis Messages



----------------
; Legal Notice ;
----------------
Copyright (C) 2020  Intel Corporation. All rights reserved.
Your use of Intel Corporation's design tools, logic functions 
and other software and tools, and any partner logic 
functions, and any output files from any of the foregoing 
(including device programming or simulation files), and any 
associated documentation or information are expressly subject 
to the terms and conditions of the Intel Program License 
Subscription Agreement, the Intel Quartus Prime License Agreement,
the Intel FPGA IP License Agreement, or other applicable license
agreement, including, without limitation, that your use is for
the sole purpose of programming logic devices manufactured by
Intel and sold by Intel or its authorized distributors.  Please
refer to the applicable agreement for further details, at
https://fpgasoftware.intel.com/eula.



+----------------------------------------------------------------------------------+
; Analysis & Synthesis Summary                                                     ;
+------------------------------------+---------------------------------------------+
; Analysis & Synthesis Status        ; Successful - Fri Dec 09 16:27:27 2022       ;
; Quartus Prime Version              ; 20.1.1 Build 720 11/11/2020 SJ Lite Edition ;
; Revision Name                      ; Rep_Mid                                     ;
; Top-level Entity Name              ; Rep_Mid                                     ;
; Family                             ; Cyclone IV E                                ;
; Total logic elements               ; 342                                         ;
;     Total combinational functions  ; 341                                         ;
;     Dedicated logic registers      ; 153                                         ;
; Total registers                    ; 153                                         ;
; Total pins                         ; 37                                          ;
; Total virtual pins                 ; 0                                           ;
; Total memory bits                  ; 0                                           ;
; Embedded Multiplier 9-bit elements ; 0                                           ;
; Total PLLs                         ; 0                                           ;
+------------------------------------+---------------------------------------------+


+------------------------------------------------------------------------------------------------------------+
; Analysis & Synthesis Settings                                                                              ;
+------------------------------------------------------------------+--------------------+--------------------+
; Option                                                           ; Setting            ; Default Value      ;
+------------------------------------------------------------------+--------------------+--------------------+
; Device                                                           ; EP4CE115F29C7      ;                    ;
; Top-level entity name                                            ; Rep_Mid            ; Rep_Mid            ;
; Family name                                                      ; Cyclone IV E       ; Cyclone V          ;
; Use smart compilation                                            ; Off                ; Off                ;
; Enable parallel Assembler and Timing Analyzer during compilation ; On                 ; On                 ;
; Enable compact report table                                      ; Off                ; Off                ;
; Restructure Multiplexers                                         ; Auto               ; Auto               ;
; Create Debugging Nodes for IP Cores                              ; Off                ; Off                ;
; Preserve fewer node names                                        ; On                 ; On                 ;
; Intel FPGA IP Evaluation Mode                                    ; Enable             ; Enable             ;
; Verilog Version                                                  ; Verilog_2001       ; Verilog_2001       ;
; VHDL Version                                                     ; VHDL_1993          ; VHDL_1993          ;
; State Machine Processing                                         ; Auto               ; Auto               ;
; Safe State Machine                                               ; Off                ; Off                ;
; Extract Verilog State Machines                                   ; On                 ; On                 ;
; Extract VHDL State Machines                                      ; On                 ; On                 ;
; Ignore Verilog initial constructs                                ; Off                ; Off                ;
; Iteration limit for constant Verilog loops                       ; 5000               ; 5000               ;
; Iteration limit for non-constant Verilog loops                   ; 250                ; 250                ;
; Add Pass-Through Logic to Inferred RAMs                          ; On                 ; On                 ;
; Infer RAMs from Raw Logic                                        ; On                 ; On                 ;
; Parallel Synthesis                                               ; On                 ; On                 ;
; DSP Block Balancing                                              ; Auto               ; Auto               ;
; NOT Gate Push-Back                                               ; On                 ; On                 ;
; Power-Up Don't Care                                              ; On                 ; On                 ;
; Remove Redundant Logic Cells                                     ; Off                ; Off                ;
; Remove Duplicate Registers                                       ; On                 ; On                 ;
; Ignore CARRY Buffers                                             ; Off                ; Off                ;
; Ignore CASCADE Buffers                                           ; Off                ; Off                ;
; Ignore GLOBAL Buffers                                            ; Off                ; Off                ;
; Ignore ROW GLOBAL Buffers                                        ; Off                ; Off                ;
; Ignore LCELL Buffers                                             ; Off                ; Off                ;
; Ignore SOFT Buffers                                              ; On                 ; On                 ;
; Limit AHDL Integers to 32 Bits                                   ; Off                ; Off                ;
; Optimization Technique                                           ; Balanced           ; Balanced           ;
; Carry Chain Length                                               ; 70                 ; 70                 ;
; Auto Carry Chains                                                ; On                 ; On                 ;
; Auto Open-Drain Pins                                             ; On                 ; On                 ;
; Perform WYSIWYG Primitive Resynthesis                            ; Off                ; Off                ;
; Auto ROM Replacement                                             ; On                 ; On                 ;
; Auto RAM Replacement                                             ; On                 ; On                 ;
; Auto DSP Block Replacement                                       ; On                 ; On                 ;
; Auto Shift Register Replacement                                  ; Auto               ; Auto               ;
; Allow Shift Register Merging across Hierarchies                  ; Auto               ; Auto               ;
; Auto Clock Enable Replacement                                    ; On                 ; On                 ;
; Strict RAM Replacement                                           ; Off                ; Off                ;
; Allow Synchronous Control Signals                                ; On                 ; On                 ;
; Force Use of Synchronous Clear Signals                           ; Off                ; Off                ;
; Auto RAM Block Balancing                                         ; On                 ; On                 ;
; Auto RAM to Logic Cell Conversion                                ; Off                ; Off                ;
; Auto Resource Sharing                                            ; Off                ; Off                ;
; Allow Any RAM Size For Recognition                               ; Off                ; Off                ;
; Allow Any ROM Size For Recognition                               ; Off                ; Off                ;
; Allow Any Shift Register Size For Recognition                    ; Off                ; Off                ;
; Use LogicLock Constraints during Resource Balancing              ; On                 ; On                 ;
; Ignore translate_off and synthesis_off directives                ; Off                ; Off                ;
; Timing-Driven Synthesis                                          ; On                 ; On                 ;
; Report Parameter Settings                                        ; On                 ; On                 ;
; Report Source Assignments                                        ; On                 ; On                 ;
; Report Connectivity Checks                                       ; On                 ; On                 ;
; Ignore Maximum Fan-Out Assignments                               ; Off                ; Off                ;
; Synchronization Register Chain Length                            ; 2                  ; 2                  ;
; Power Optimization During Synthesis                              ; Normal compilation ; Normal compilation ;
; HDL message level                                                ; Level2             ; Level2             ;
; Suppress Register Optimization Related Messages                  ; Off                ; Off                ;
; Number of Removed Registers Reported in Synthesis Report         ; 5000               ; 5000               ;
; Number of Swept Nodes Reported in Synthesis Report               ; 5000               ; 5000               ;
; Number of Inverted Registers Reported in Synthesis Report        ; 100                ; 100                ;
; Clock MUX Protection                                             ; On                 ; On                 ;
; Auto Gated Clock Conversion                                      ; Off                ; Off                ;
; Block Design Naming                                              ; Auto               ; Auto               ;
; SDC constraint protection                                        ; Off                ; Off                ;
; Synthesis Effort                                                 ; Auto               ; Auto               ;
; Shift Register Replacement - Allow Asynchronous Clear Signal     ; On                 ; On                 ;
; Pre-Mapping Resynthesis Optimization                             ; Off                ; Off                ;
; Analysis & Synthesis Message Level                               ; Medium             ; Medium             ;
; Disable Register Merging Across Hierarchies                      ; Auto               ; Auto               ;
; Resource Aware Inference For Block RAM                           ; On                 ; On                 ;
+------------------------------------------------------------------+--------------------+--------------------+


+------------------------------------------+
; Parallel Compilation                     ;
+----------------------------+-------------+
; Processors                 ; Number      ;
+----------------------------+-------------+
; Number detected on machine ; 8           ;
; Maximum allowed            ; 4           ;
;                            ;             ;
; Average used               ; 1.00        ;
; Maximum used               ; 4           ;
;                            ;             ;
; Usage by Processor         ; % Time Used ;
;     Processor 1            ; 100.0%      ;
;     Processor 2            ;   0.1%      ;
;     Processors 3-4         ;   0.0%      ;
+----------------------------+-------------+


+-----------------------------------------------------------------------------------------------------------------------------------------------------------------------------+
; Analysis & Synthesis Source Files Read                                                                                                                                      ;
+----------------------------------+-----------------+------------------------+-------------------------------------------------------------------------------------+---------+
; File Name with User-Entered Path ; Used in Netlist ; File Type              ; File Name with Absolute Path                                                        ; Library ;
+----------------------------------+-----------------+------------------------+-------------------------------------------------------------------------------------+---------+
; Rep_Mid.v                        ; yes             ; User Verilog HDL File  ; C:/Users/lms02/OneDrive/Desktop/Computer_Organization_Experiment/Rep_Mid/Rep_Mid.v  ;         ;
; debounce.v                       ; yes             ; User Verilog HDL File  ; C:/Users/lms02/OneDrive/Desktop/Computer_Organization_Experiment/Rep_Mid/debounce.v ;         ;
; sib.v                            ; yes             ; User Verilog HDL File  ; C:/Users/lms02/OneDrive/Desktop/Computer_Organization_Experiment/Rep_Mid/sib.v      ;         ;
+----------------------------------+-----------------+------------------------+-------------------------------------------------------------------------------------+---------+


+-----------------------------------------------------------+
; Analysis & Synthesis Resource Usage Summary               ;
+---------------------------------------------+-------------+
; Resource                                    ; Usage       ;
+---------------------------------------------+-------------+
; Estimated Total logic elements              ; 342         ;
;                                             ;             ;
; Total combinational functions               ; 341         ;
; Logic element usage by number of LUT inputs ;             ;
;     -- 4 input functions                    ; 139         ;
;     -- 3 input functions                    ; 62          ;
;     -- <=2 input functions                  ; 140         ;
;                                             ;             ;
; Logic elements by mode                      ;             ;
;     -- normal mode                          ; 216         ;
;     -- arithmetic mode                      ; 125         ;
;                                             ;             ;
; Total registers                             ; 153         ;
;     -- Dedicated logic registers            ; 153         ;
;     -- I/O registers                        ; 0           ;
;                                             ;             ;
; I/O pins                                    ; 37          ;
;                                             ;             ;
; Embedded Multiplier 9-bit elements          ; 0           ;
;                                             ;             ;
; Maximum fan-out node                        ; clkin~input ;
; Maximum fan-out                             ; 153         ;
; Total fan-out                               ; 1633        ;
; Average fan-out                             ; 2.88        ;
+---------------------------------------------+-------------+


+----------------------------------------------------------------------------------------------------------------------------------------------------------------------------------------------------------------+
; Analysis & Synthesis Resource Utilization by Entity                                                                                                                                                            ;
+----------------------------+---------------------+---------------------------+-------------+--------------+---------+-----------+------+--------------+---------------------------+-------------+--------------+
; Compilation Hierarchy Node ; Combinational ALUTs ; Dedicated Logic Registers ; Memory Bits ; DSP Elements ; DSP 9x9 ; DSP 18x18 ; Pins ; Virtual Pins ; Full Hierarchy Name       ; Entity Name ; Library Name ;
+----------------------------+---------------------+---------------------------+-------------+--------------+---------+-----------+------+--------------+---------------------------+-------------+--------------+
; |Rep_Mid                   ; 341 (135)           ; 153 (49)                  ; 0           ; 0            ; 0       ; 0         ; 37   ; 0            ; |Rep_Mid                  ; Rep_Mid     ; work         ;
;    |debounce:comb_10|      ; 37 (37)             ; 26 (26)                   ; 0           ; 0            ; 0       ; 0         ; 0    ; 0            ; |Rep_Mid|debounce:comb_10 ; debounce    ; work         ;
;    |debounce:comb_7|       ; 37 (37)             ; 26 (26)                   ; 0           ; 0            ; 0       ; 0         ; 0    ; 0            ; |Rep_Mid|debounce:comb_7  ; debounce    ; work         ;
;    |debounce:comb_8|       ; 38 (38)             ; 26 (26)                   ; 0           ; 0            ; 0       ; 0         ; 0    ; 0            ; |Rep_Mid|debounce:comb_8  ; debounce    ; work         ;
;    |debounce:comb_9|       ; 38 (38)             ; 26 (26)                   ; 0           ; 0            ; 0       ; 0         ; 0    ; 0            ; |Rep_Mid|debounce:comb_9  ; debounce    ; work         ;
;    |sib:comb_3|            ; 14 (14)             ; 0 (0)                     ; 0           ; 0            ; 0       ; 0         ; 0    ; 0            ; |Rep_Mid|sib:comb_3       ; sib         ; work         ;
;    |sib:comb_4|            ; 14 (14)             ; 0 (0)                     ; 0           ; 0            ; 0       ; 0         ; 0    ; 0            ; |Rep_Mid|sib:comb_4       ; sib         ; work         ;
;    |sib:comb_5|            ; 14 (14)             ; 0 (0)                     ; 0           ; 0            ; 0       ; 0         ; 0    ; 0            ; |Rep_Mid|sib:comb_5       ; sib         ; work         ;
;    |sib:comb_6|            ; 14 (14)             ; 0 (0)                     ; 0           ; 0            ; 0       ; 0         ; 0    ; 0            ; |Rep_Mid|sib:comb_6       ; sib         ; work         ;
+----------------------------+---------------------+---------------------------+-------------+--------------+---------+-----------+------+--------------+---------------------------+-------------+--------------+
Note: For table entries with two numbers listed, the numbers in parentheses indicate the number of resources of the given type used by the specific entity alone. The numbers listed outside of parentheses indicate the total resources of the given type used by the specific entity and all of its sub-entities in the hierarchy.


+------------------------------------------------------+
; General Register Statistics                          ;
+----------------------------------------------+-------+
; Statistic                                    ; Value ;
+----------------------------------------------+-------+
; Total registers                              ; 153   ;
; Number of registers using Synchronous Clear  ; 130   ;
; Number of registers using Synchronous Load   ; 0     ;
; Number of registers using Asynchronous Clear ; 0     ;
; Number of registers using Asynchronous Load  ; 0     ;
; Number of registers using Clock Enable       ; 112   ;
; Number of registers using Preset             ; 0     ;
+----------------------------------------------+-------+


+--------------------------------------------------+
; Inverted Register Statistics                     ;
+----------------------------------------+---------+
; Inverted Register                      ; Fan out ;
+----------------------------------------+---------+
; sec0[0]                                ; 16      ;
; sec0[3]                                ; 12      ;
; sec1[0]                                ; 14      ;
; sec1[2]                                ; 14      ;
; min0[0]                                ; 15      ;
; min0[3]                                ; 14      ;
; min1[0]                                ; 15      ;
; min1[2]                                ; 13      ;
; Total number of inverted registers = 8 ;         ;
+----------------------------------------+---------+


+----------------------------------------------------------------------------------------------------------------------------------------------------+
; Multiplexer Restructuring Statistics (Restructuring Performed)                                                                                     ;
+--------------------+-----------+---------------+----------------------+------------------------+------------+--------------------------------------+
; Multiplexer Inputs ; Bus Width ; Baseline Area ; Area if Restructured ; Saving if Restructured ; Registered ; Example Multiplexer Output           ;
+--------------------+-----------+---------------+----------------------+------------------------+------------+--------------------------------------+
; 3:1                ; 26 bits   ; 52 LEs        ; 26 LEs               ; 26 LEs                 ; Yes        ; |Rep_Mid|debounce:comb_9|counter[15] ;
; 3:1                ; 26 bits   ; 52 LEs        ; 26 LEs               ; 26 LEs                 ; Yes        ; |Rep_Mid|debounce:comb_7|counter[22] ;
; 3:1                ; 26 bits   ; 52 LEs        ; 26 LEs               ; 26 LEs                 ; Yes        ; |Rep_Mid|debounce:comb_8|counter[5]  ;
; 3:1                ; 26 bits   ; 52 LEs        ; 26 LEs               ; 26 LEs                 ; Yes        ; |Rep_Mid|debounce:comb_10|counter[5] ;
; 4:1                ; 2 bits    ; 4 LEs         ; 4 LEs                ; 0 LEs                  ; Yes        ; |Rep_Mid|blink_m                     ;
; 6:1                ; 2 bits    ; 8 LEs         ; 4 LEs                ; 4 LEs                  ; Yes        ; |Rep_Mid|min1[1]                     ;
; 7:1                ; 2 bits    ; 8 LEs         ; 4 LEs                ; 4 LEs                  ; Yes        ; |Rep_Mid|min0[1]                     ;
; 9:1                ; 2 bits    ; 12 LEs        ; 4 LEs                ; 8 LEs                  ; Yes        ; |Rep_Mid|sec0[1]                     ;
; 8:1                ; 2 bits    ; 10 LEs        ; 4 LEs                ; 6 LEs                  ; Yes        ; |Rep_Mid|sec1[1]                     ;
+--------------------+-----------+---------------+----------------------+------------------------+------------+--------------------------------------+


+-------------------------------------------------------------------------+
; Parameter Settings for User Entity Instance: Top-level Entity: |Rep_Mid ;
+----------------+----------+---------------------------------------------+
; Parameter Name ; Value    ; Type                                        ;
+----------------+----------+---------------------------------------------+
; hz             ; 50000000 ; Signed Integer                              ;
; hz_10          ; 5000000  ; Signed Integer                              ;
+----------------+----------+---------------------------------------------+
Note: In order to hide this table in the UI and the text report file, please set the "Show Parameter Settings in Synthesis Report" option in "Analysis and Synthesis Settings -> More Settings" to "Off".


+--------------------------------------------------------------+
; Parameter Settings for User Entity Instance: debounce:comb_7 ;
+----------------+---------+-----------------------------------+
; Parameter Name ; Value   ; Type                              ;
+----------------+---------+-----------------------------------+
; divn_num       ; 5000000 ; Signed Integer                    ;
+----------------+---------+-----------------------------------+
Note: In order to hide this table in the UI and the text report file, please set the "Show Parameter Settings in Synthesis Report" option in "Analysis and Synthesis Settings -> More Settings" to "Off".


+--------------------------------------------------------------+
; Parameter Settings for User Entity Instance: debounce:comb_8 ;
+----------------+---------+-----------------------------------+
; Parameter Name ; Value   ; Type                              ;
+----------------+---------+-----------------------------------+
; divn_num       ; 5000000 ; Signed Integer                    ;
+----------------+---------+-----------------------------------+
Note: In order to hide this table in the UI and the text report file, please set the "Show Parameter Settings in Synthesis Report" option in "Analysis and Synthesis Settings -> More Settings" to "Off".


+--------------------------------------------------------------+
; Parameter Settings for User Entity Instance: debounce:comb_9 ;
+----------------+---------+-----------------------------------+
; Parameter Name ; Value   ; Type                              ;
+----------------+---------+-----------------------------------+
; divn_num       ; 5000000 ; Signed Integer                    ;
+----------------+---------+-----------------------------------+
Note: In order to hide this table in the UI and the text report file, please set the "Show Parameter Settings in Synthesis Report" option in "Analysis and Synthesis Settings -> More Settings" to "Off".


+---------------------------------------------------------------+
; Parameter Settings for User Entity Instance: debounce:comb_10 ;
+----------------+---------+------------------------------------+
; Parameter Name ; Value   ; Type                               ;
+----------------+---------+------------------------------------+
; divn_num       ; 5000000 ; Signed Integer                     ;
+----------------+---------+------------------------------------+
Note: In order to hide this table in the UI and the text report file, please set the "Show Parameter Settings in Synthesis Report" option in "Analysis and Synthesis Settings -> More Settings" to "Off".


+-----------------------------------------------------+
; Post-Synthesis Netlist Statistics for Top Partition ;
+-----------------------+-----------------------------+
; Type                  ; Count                       ;
+-----------------------+-----------------------------+
; boundary_port         ; 37                          ;
; cycloneiii_ff         ; 153                         ;
;     ENA               ; 8                           ;
;     ENA SCLR          ; 104                         ;
;     SCLR              ; 26                          ;
;     plain             ; 15                          ;
; cycloneiii_lcell_comb ; 342                         ;
;     arith             ; 125                         ;
;         2 data inputs ; 125                         ;
;     normal            ; 217                         ;
;         0 data inputs ; 1                           ;
;         1 data inputs ; 5                           ;
;         2 data inputs ; 10                          ;
;         3 data inputs ; 62                          ;
;         4 data inputs ; 139                         ;
;                       ;                             ;
; Max LUT depth         ; 9.00                        ;
; Average LUT depth     ; 4.04                        ;
+-----------------------+-----------------------------+


+-------------------------------+
; Elapsed Time Per Partition    ;
+----------------+--------------+
; Partition Name ; Elapsed Time ;
+----------------+--------------+
; Top            ; 00:00:02     ;
+----------------+--------------+


+-------------------------------+
; Analysis & Synthesis Messages ;
+-------------------------------+
Info: *******************************************************************
Info: Running Quartus Prime Analysis & Synthesis
    Info: Version 20.1.1 Build 720 11/11/2020 SJ Lite Edition
    Info: Processing started: Fri Dec 09 16:27:05 2022
Info: Command: quartus_map --read_settings_files=on --write_settings_files=off Rep_Mid -c Rep_Mid
Warning (18236): Number of processors has not been specified which may cause overloading on shared machines.  Set the global assignment NUM_PARALLEL_PROCESSORS in your QSF to an appropriate value for best performance.
Info (20032): Parallel compilation is enabled and will use up to 4 processors
Info (12021): Found 1 design units, including 1 entities, in source file rep_mid.v
    Info (12023): Found entity 1: Rep_Mid File: C:/Users/lms02/OneDrive/Desktop/Computer_Organization_Experiment/Rep_Mid/Rep_Mid.v Line: 1
Info (12021): Found 1 design units, including 1 entities, in source file debounce.v
    Info (12023): Found entity 1: debounce File: C:/Users/lms02/OneDrive/Desktop/Computer_Organization_Experiment/Rep_Mid/debounce.v Line: 1
Info (12021): Found 1 design units, including 1 entities, in source file sib.v
    Info (12023): Found entity 1: sib File: C:/Users/lms02/OneDrive/Desktop/Computer_Organization_Experiment/Rep_Mid/sib.v Line: 1
Info (12021): Found 1 design units, including 1 entities, in source file clkdivider.v
    Info (12023): Found entity 1: clkdivider File: C:/Users/lms02/OneDrive/Desktop/Computer_Organization_Experiment/Rep_Mid/clkdivider.v Line: 1
Critical Warning (10846): Verilog HDL Instantiation warning at Rep_Mid.v(13): instance has no name File: C:/Users/lms02/OneDrive/Desktop/Computer_Organization_Experiment/Rep_Mid/Rep_Mid.v Line: 13
Critical Warning (10846): Verilog HDL Instantiation warning at Rep_Mid.v(14): instance has no name File: C:/Users/lms02/OneDrive/Desktop/Computer_Organization_Experiment/Rep_Mid/Rep_Mid.v Line: 14
Critical Warning (10846): Verilog HDL Instantiation warning at Rep_Mid.v(15): instance has no name File: C:/Users/lms02/OneDrive/Desktop/Computer_Organization_Experiment/Rep_Mid/Rep_Mid.v Line: 15
Critical Warning (10846): Verilog HDL Instantiation warning at Rep_Mid.v(16): instance has no name File: C:/Users/lms02/OneDrive/Desktop/Computer_Organization_Experiment/Rep_Mid/Rep_Mid.v Line: 16
Critical Warning (10846): Verilog HDL Instantiation warning at Rep_Mid.v(17): instance has no name File: C:/Users/lms02/OneDrive/Desktop/Computer_Organization_Experiment/Rep_Mid/Rep_Mid.v Line: 17
Critical Warning (10846): Verilog HDL Instantiation warning at Rep_Mid.v(18): instance has no name File: C:/Users/lms02/OneDrive/Desktop/Computer_Organization_Experiment/Rep_Mid/Rep_Mid.v Line: 18
Critical Warning (10846): Verilog HDL Instantiation warning at Rep_Mid.v(19): instance has no name File: C:/Users/lms02/OneDrive/Desktop/Computer_Organization_Experiment/Rep_Mid/Rep_Mid.v Line: 19
Critical Warning (10846): Verilog HDL Instantiation warning at Rep_Mid.v(20): instance has no name File: C:/Users/lms02/OneDrive/Desktop/Computer_Organization_Experiment/Rep_Mid/Rep_Mid.v Line: 20
Info (12127): Elaborating entity "Rep_Mid" for the top level hierarchy
Warning (10230): Verilog HDL assignment warning at Rep_Mid.v(26): truncated value with size 32 to match size of target (26) File: C:/Users/lms02/OneDrive/Desktop/Computer_Organization_Experiment/Rep_Mid/Rep_Mid.v Line: 26
Warning (10230): Verilog HDL assignment warning at Rep_Mid.v(33): truncated value with size 32 to match size of target (4) File: C:/Users/lms02/OneDrive/Desktop/Computer_Organization_Experiment/Rep_Mid/Rep_Mid.v Line: 33
Warning (10230): Verilog HDL assignment warning at Rep_Mid.v(39): truncated value with size 32 to match size of target (4) File: C:/Users/lms02/OneDrive/Desktop/Computer_Organization_Experiment/Rep_Mid/Rep_Mid.v Line: 39
Warning (10230): Verilog HDL assignment warning at Rep_Mid.v(48): truncated value with size 32 to match size of target (4) File: C:/Users/lms02/OneDrive/Desktop/Computer_Organization_Experiment/Rep_Mid/Rep_Mid.v Line: 48
Warning (10230): Verilog HDL assignment warning at Rep_Mid.v(54): truncated value with size 32 to match size of target (4) File: C:/Users/lms02/OneDrive/Desktop/Computer_Organization_Experiment/Rep_Mid/Rep_Mid.v Line: 54
Info (10264): Verilog HDL Case Statement information at Rep_Mid.v(28): all case item expressions in this case statement are onehot File: C:/Users/lms02/OneDrive/Desktop/Computer_Organization_Experiment/Rep_Mid/Rep_Mid.v Line: 28
Warning (10230): Verilog HDL assignment warning at Rep_Mid.v(68): truncated value with size 32 to match size of target (4) File: C:/Users/lms02/OneDrive/Desktop/Computer_Organization_Experiment/Rep_Mid/Rep_Mid.v Line: 68
Warning (10230): Verilog HDL assignment warning at Rep_Mid.v(78): truncated value with size 32 to match size of target (4) File: C:/Users/lms02/OneDrive/Desktop/Computer_Organization_Experiment/Rep_Mid/Rep_Mid.v Line: 78
Warning (10230): Verilog HDL assignment warning at Rep_Mid.v(82): truncated value with size 32 to match size of target (4) File: C:/Users/lms02/OneDrive/Desktop/Computer_Organization_Experiment/Rep_Mid/Rep_Mid.v Line: 82
Warning (10230): Verilog HDL assignment warning at Rep_Mid.v(85): truncated value with size 32 to match size of target (4) File: C:/Users/lms02/OneDrive/Desktop/Computer_Organization_Experiment/Rep_Mid/Rep_Mid.v Line: 85
Warning (10230): Verilog HDL assignment warning at Rep_Mid.v(99): truncated value with size 32 to match size of target (4) File: C:/Users/lms02/OneDrive/Desktop/Computer_Organization_Experiment/Rep_Mid/Rep_Mid.v Line: 99
Warning (10230): Verilog HDL assignment warning at Rep_Mid.v(109): truncated value with size 32 to match size of target (4) File: C:/Users/lms02/OneDrive/Desktop/Computer_Organization_Experiment/Rep_Mid/Rep_Mid.v Line: 109
Warning (10230): Verilog HDL assignment warning at Rep_Mid.v(113): truncated value with size 32 to match size of target (4) File: C:/Users/lms02/OneDrive/Desktop/Computer_Organization_Experiment/Rep_Mid/Rep_Mid.v Line: 113
Warning (10230): Verilog HDL assignment warning at Rep_Mid.v(116): truncated value with size 32 to match size of target (4) File: C:/Users/lms02/OneDrive/Desktop/Computer_Organization_Experiment/Rep_Mid/Rep_Mid.v Line: 116
Warning (10034): Output port "LED" at Rep_Mid.v(3) has no driver File: C:/Users/lms02/OneDrive/Desktop/Computer_Organization_Experiment/Rep_Mid/Rep_Mid.v Line: 3
Info (12128): Elaborating entity "sib" for hierarchy "sib:comb_3" File: C:/Users/lms02/OneDrive/Desktop/Computer_Organization_Experiment/Rep_Mid/Rep_Mid.v Line: 13
Info (12128): Elaborating entity "debounce" for hierarchy "debounce:comb_7" File: C:/Users/lms02/OneDrive/Desktop/Computer_Organization_Experiment/Rep_Mid/Rep_Mid.v Line: 17
Warning (10230): Verilog HDL assignment warning at debounce.v(10): truncated value with size 32 to match size of target (26) File: C:/Users/lms02/OneDrive/Desktop/Computer_Organization_Experiment/Rep_Mid/debounce.v Line: 10
Warning (13024): Output pins are stuck at VCC or GND
    Warning (13410): Pin "LED" is stuck at GND File: C:/Users/lms02/OneDrive/Desktop/Computer_Organization_Experiment/Rep_Mid/Rep_Mid.v Line: 3
Info (286030): Timing-Driven Synthesis is running
Info (16010): Generating hard_block partition "hard_block:auto_generated_inst"
    Info (16011): Adding 0 node(s), including 0 DDIO, 0 PLL, 0 transceiver and 0 LCELL
Info (21057): Implemented 379 device resources after synthesis - the final resource count might be different
    Info (21058): Implemented 5 input pins
    Info (21059): Implemented 32 output pins
    Info (21061): Implemented 342 logic cells
Info: Quartus Prime Analysis & Synthesis was successful. 0 errors, 26 warnings
    Info: Peak virtual memory: 4767 megabytes
    Info: Processing ended: Fri Dec 09 16:27:27 2022
    Info: Elapsed time: 00:00:22
    Info: Total CPU time (on all processors): 00:00:44


