Analysis & Synthesis report for Rep_Lab_07
Thu Jan 12 22:50:28 2023
Quartus Prime Version 20.1.1 Build 720 11/11/2020 SJ Lite Edition


---------------------
; Table of Contents ;
---------------------
  1. Legal Notice
  2. Analysis & Synthesis Summary
  3. Analysis & Synthesis Settings
  4. Parallel Compilation
  5. Analysis & Synthesis Source Files Read
  6. Analysis & Synthesis Resource Usage Summary
  7. Analysis & Synthesis Resource Utilization by Entity
  8. Registers Removed During Synthesis
  9. Removed Registers Triggering Further Register Optimizations
 10. General Register Statistics
 11. Multiplexer Restructuring Statistics (Restructuring Performed)
 12. Parameter Settings for User Entity Instance: debounce:db
 13. Port Connectivity Checks: "sib:sib1"
 14. Port Connectivity Checks: "Rep_Lab_07:rr7|funtion_unit:fuu"
 15. Port Connectivity Checks: "Rep_Lab_07:rr7"
 16. Post-Synthesis Netlist Statistics for Top Partition
 17. Elapsed Time Per Partition
 18. Analysis & Synthesis Messages
 19. Analysis & Synthesis Suppressed Messages



----------------
; Legal Notice ;
----------------
Copyright (C) 2020  Intel Corporation. All rights reserved.
Your use of Intel Corporation's design tools, logic functions 
and other software and tools, and any partner logic 
functions, and any output files from any of the foregoing 
(including device programming or simulation files), and any 
associated documentation or information are expressly subject 
to the terms and conditions of the Intel Program License 
Subscription Agreement, the Intel Quartus Prime License Agreement,
the Intel FPGA IP License Agreement, or other applicable license
agreement, including, without limitation, that your use is for
the sole purpose of programming logic devices manufactured by
Intel and sold by Intel or its authorized distributors.  Please
refer to the applicable agreement for further details, at
https://fpgasoftware.intel.com/eula.



+----------------------------------------------------------------------------------+
; Analysis & Synthesis Summary                                                     ;
+------------------------------------+---------------------------------------------+
; Analysis & Synthesis Status        ; Successful - Thu Jan 12 22:50:27 2023       ;
; Quartus Prime Version              ; 20.1.1 Build 720 11/11/2020 SJ Lite Edition ;
; Revision Name                      ; Rep_Lab_07                                  ;
; Top-level Entity Name              ; test                                        ;
; Family                             ; Cyclone IV E                                ;
; Total logic elements               ; 123                                         ;
;     Total combinational functions  ; 99                                          ;
;     Dedicated logic registers      ; 70                                          ;
; Total registers                    ; 70                                          ;
; Total pins                         ; 32                                          ;
; Total virtual pins                 ; 0                                           ;
; Total memory bits                  ; 0                                           ;
; Embedded Multiplier 9-bit elements ; 0                                           ;
; Total PLLs                         ; 0                                           ;
+------------------------------------+---------------------------------------------+


+------------------------------------------------------------------------------------------------------------+
; Analysis & Synthesis Settings                                                                              ;
+------------------------------------------------------------------+--------------------+--------------------+
; Option                                                           ; Setting            ; Default Value      ;
+------------------------------------------------------------------+--------------------+--------------------+
; Device                                                           ; EP4CE115F29C7      ;                    ;
; Top-level entity name                                            ; test               ; Rep_Lab_07         ;
; Family name                                                      ; Cyclone IV E       ; Cyclone V          ;
; Use smart compilation                                            ; Off                ; Off                ;
; Enable parallel Assembler and Timing Analyzer during compilation ; On                 ; On                 ;
; Enable compact report table                                      ; Off                ; Off                ;
; Restructure Multiplexers                                         ; Auto               ; Auto               ;
; Create Debugging Nodes for IP Cores                              ; Off                ; Off                ;
; Preserve fewer node names                                        ; On                 ; On                 ;
; Intel FPGA IP Evaluation Mode                                    ; Enable             ; Enable             ;
; Verilog Version                                                  ; Verilog_2001       ; Verilog_2001       ;
; VHDL Version                                                     ; VHDL_1993          ; VHDL_1993          ;
; State Machine Processing                                         ; Auto               ; Auto               ;
; Safe State Machine                                               ; Off                ; Off                ;
; Extract Verilog State Machines                                   ; On                 ; On                 ;
; Extract VHDL State Machines                                      ; On                 ; On                 ;
; Ignore Verilog initial constructs                                ; Off                ; Off                ;
; Iteration limit for constant Verilog loops                       ; 5000               ; 5000               ;
; Iteration limit for non-constant Verilog loops                   ; 250                ; 250                ;
; Add Pass-Through Logic to Inferred RAMs                          ; On                 ; On                 ;
; Infer RAMs from Raw Logic                                        ; On                 ; On                 ;
; Parallel Synthesis                                               ; On                 ; On                 ;
; DSP Block Balancing                                              ; Auto               ; Auto               ;
; NOT Gate Push-Back                                               ; On                 ; On                 ;
; Power-Up Don't Care                                              ; On                 ; On                 ;
; Remove Redundant Logic Cells                                     ; Off                ; Off                ;
; Remove Duplicate Registers                                       ; On                 ; On                 ;
; Ignore CARRY Buffers                                             ; Off                ; Off                ;
; Ignore CASCADE Buffers                                           ; Off                ; Off                ;
; Ignore GLOBAL Buffers                                            ; Off                ; Off                ;
; Ignore ROW GLOBAL Buffers                                        ; Off                ; Off                ;
; Ignore LCELL Buffers                                             ; Off                ; Off                ;
; Ignore SOFT Buffers                                              ; On                 ; On                 ;
; Limit AHDL Integers to 32 Bits                                   ; Off                ; Off                ;
; Optimization Technique                                           ; Balanced           ; Balanced           ;
; Carry Chain Length                                               ; 70                 ; 70                 ;
; Auto Carry Chains                                                ; On                 ; On                 ;
; Auto Open-Drain Pins                                             ; On                 ; On                 ;
; Perform WYSIWYG Primitive Resynthesis                            ; Off                ; Off                ;
; Auto ROM Replacement                                             ; On                 ; On                 ;
; Auto RAM Replacement                                             ; On                 ; On                 ;
; Auto DSP Block Replacement                                       ; On                 ; On                 ;
; Auto Shift Register Replacement                                  ; Auto               ; Auto               ;
; Allow Shift Register Merging across Hierarchies                  ; Auto               ; Auto               ;
; Auto Clock Enable Replacement                                    ; On                 ; On                 ;
; Strict RAM Replacement                                           ; Off                ; Off                ;
; Allow Synchronous Control Signals                                ; On                 ; On                 ;
; Force Use of Synchronous Clear Signals                           ; Off                ; Off                ;
; Auto RAM Block Balancing                                         ; On                 ; On                 ;
; Auto RAM to Logic Cell Conversion                                ; Off                ; Off                ;
; Auto Resource Sharing                                            ; Off                ; Off                ;
; Allow Any RAM Size For Recognition                               ; Off                ; Off                ;
; Allow Any ROM Size For Recognition                               ; Off                ; Off                ;
; Allow Any Shift Register Size For Recognition                    ; Off                ; Off                ;
; Use LogicLock Constraints during Resource Balancing              ; On                 ; On                 ;
; Ignore translate_off and synthesis_off directives                ; Off                ; Off                ;
; Timing-Driven Synthesis                                          ; On                 ; On                 ;
; Report Parameter Settings                                        ; On                 ; On                 ;
; Report Source Assignments                                        ; On                 ; On                 ;
; Report Connectivity Checks                                       ; On                 ; On                 ;
; Ignore Maximum Fan-Out Assignments                               ; Off                ; Off                ;
; Synchronization Register Chain Length                            ; 2                  ; 2                  ;
; Power Optimization During Synthesis                              ; Normal compilation ; Normal compilation ;
; HDL message level                                                ; Level2             ; Level2             ;
; Suppress Register Optimization Related Messages                  ; Off                ; Off                ;
; Number of Removed Registers Reported in Synthesis Report         ; 5000               ; 5000               ;
; Number of Swept Nodes Reported in Synthesis Report               ; 5000               ; 5000               ;
; Number of Inverted Registers Reported in Synthesis Report        ; 100                ; 100                ;
; Clock MUX Protection                                             ; On                 ; On                 ;
; Auto Gated Clock Conversion                                      ; Off                ; Off                ;
; Block Design Naming                                              ; Auto               ; Auto               ;
; SDC constraint protection                                        ; Off                ; Off                ;
; Synthesis Effort                                                 ; Auto               ; Auto               ;
; Shift Register Replacement - Allow Asynchronous Clear Signal     ; On                 ; On                 ;
; Pre-Mapping Resynthesis Optimization                             ; Off                ; Off                ;
; Analysis & Synthesis Message Level                               ; Medium             ; Medium             ;
; Disable Register Merging Across Hierarchies                      ; Auto               ; Auto               ;
; Resource Aware Inference For Block RAM                           ; On                 ; On                 ;
+------------------------------------------------------------------+--------------------+--------------------+


+------------------------------------------+
; Parallel Compilation                     ;
+----------------------------+-------------+
; Processors                 ; Number      ;
+----------------------------+-------------+
; Number detected on machine ; 8           ;
; Maximum allowed            ; 4           ;
;                            ;             ;
; Average used               ; 1.00        ;
; Maximum used               ; 4           ;
;                            ;             ;
; Usage by Processor         ; % Time Used ;
;     Processor 1            ; 100.0%      ;
;     Processors 2-4         ;   0.0%      ;
+----------------------------+-------------+


+------------------------------------------------------------------------------------------------------------------------------------------------------------------------------------------+
; Analysis & Synthesis Source Files Read                                                                                                                                                   ;
+----------------------------------+-----------------+------------------------------+--------------------------------------------------------------------------------------------+---------+
; File Name with User-Entered Path ; Used in Netlist ; File Type                    ; File Name with Absolute Path                                                               ; Library ;
+----------------------------------+-----------------+------------------------------+--------------------------------------------------------------------------------------------+---------+
; sib.v                            ; yes             ; User Verilog HDL File        ; C:/Users/lms02/OneDrive/Desktop/Computer_Organization_Experiment/Rep_Lab_07/sib.v          ;         ;
; funtion_unit.v                   ; yes             ; User Verilog HDL File        ; C:/Users/lms02/OneDrive/Desktop/Computer_Organization_Experiment/Rep_Lab_07/funtion_unit.v ;         ;
; Rep_Lab_07.v                     ; yes             ; User Verilog HDL File        ; C:/Users/lms02/OneDrive/Desktop/Computer_Organization_Experiment/Rep_Lab_07/Rep_Lab_07.v   ;         ;
; alu.v                            ; yes             ; User Verilog HDL File        ; C:/Users/lms02/OneDrive/Desktop/Computer_Organization_Experiment/Rep_Lab_07/alu.v          ;         ;
; shifter.v                        ; yes             ; User Verilog HDL File        ; C:/Users/lms02/OneDrive/Desktop/Computer_Organization_Experiment/Rep_Lab_07/shifter.v      ;         ;
; registerfile.v                   ; yes             ; User Verilog HDL File        ; C:/Users/lms02/OneDrive/Desktop/Computer_Organization_Experiment/Rep_Lab_07/registerfile.v ;         ;
; test.v                           ; yes             ; User Verilog HDL File        ; C:/Users/lms02/OneDrive/Desktop/Computer_Organization_Experiment/Rep_Lab_07/test.v         ;         ;
; minussib.v                       ; yes             ; User Verilog HDL File        ; C:/Users/lms02/OneDrive/Desktop/Computer_Organization_Experiment/Rep_Lab_07/minussib.v     ;         ;
; debounce.v                       ; yes             ; Auto-Found Verilog HDL File  ; C:/Users/lms02/OneDrive/Desktop/Computer_Organization_Experiment/Rep_Lab_07/debounce.v     ;         ;
+----------------------------------+-----------------+------------------------------+--------------------------------------------------------------------------------------------+---------+


+---------------------------------------------------------+
; Analysis & Synthesis Resource Usage Summary             ;
+---------------------------------------------+-----------+
; Resource                                    ; Usage     ;
+---------------------------------------------+-----------+
; Estimated Total logic elements              ; 123       ;
;                                             ;           ;
; Total combinational functions               ; 99        ;
; Logic element usage by number of LUT inputs ;           ;
;     -- 4 input functions                    ; 39        ;
;     -- 3 input functions                    ; 29        ;
;     -- <=2 input functions                  ; 31        ;
;                                             ;           ;
; Logic elements by mode                      ;           ;
;     -- normal mode                          ; 67        ;
;     -- arithmetic mode                      ; 32        ;
;                                             ;           ;
; Total registers                             ; 70        ;
;     -- Dedicated logic registers            ; 70        ;
;     -- I/O registers                        ; 0         ;
;                                             ;           ;
; I/O pins                                    ; 32        ;
;                                             ;           ;
; Embedded Multiplier 9-bit elements          ; 0         ;
;                                             ;           ;
; Maximum fan-out node                        ; clk~input ;
; Maximum fan-out                             ; 70        ;
; Total fan-out                               ; 590       ;
; Average fan-out                             ; 2.53      ;
+---------------------------------------------+-----------+


+-------------------------------------------------------------------------------------------------------------------------------------------------------------------------------------------------------------------------------------+
; Analysis & Synthesis Resource Utilization by Entity                                                                                                                                                                                 ;
+----------------------------+---------------------+---------------------------+-------------+--------------+---------+-----------+------+--------------+-----------------------------------------------+--------------+--------------+
; Compilation Hierarchy Node ; Combinational ALUTs ; Dedicated Logic Registers ; Memory Bits ; DSP Elements ; DSP 9x9 ; DSP 18x18 ; Pins ; Virtual Pins ; Full Hierarchy Name                           ; Entity Name  ; Library Name ;
+----------------------------+---------------------+---------------------------+-------------+--------------+---------+-----------+------+--------------+-----------------------------------------------+--------------+--------------+
; |test                      ; 99 (18)             ; 70 (12)                   ; 0           ; 0            ; 0       ; 0         ; 32   ; 0            ; |test                                         ; test         ; work         ;
;    |Rep_Lab_07:rr7|        ; 37 (0)              ; 32 (0)                    ; 0           ; 0            ; 0       ; 0         ; 0    ; 0            ; |test|Rep_Lab_07:rr7                          ; Rep_Lab_07   ; work         ;
;       |funtion_unit:fuu|   ; 16 (0)              ; 0 (0)                     ; 0           ; 0            ; 0       ; 0         ; 0    ; 0            ; |test|Rep_Lab_07:rr7|funtion_unit:fuu         ; funtion_unit ; work         ;
;          |alu:auu|         ; 16 (16)             ; 0 (0)                     ; 0           ; 0            ; 0       ; 0         ; 0    ; 0            ; |test|Rep_Lab_07:rr7|funtion_unit:fuu|alu:auu ; alu          ; work         ;
;       |registerfile:rff|   ; 21 (21)             ; 32 (32)                   ; 0           ; 0            ; 0       ; 0         ; 0    ; 0            ; |test|Rep_Lab_07:rr7|registerfile:rff         ; registerfile ; work         ;
;    |debounce:db|           ; 37 (37)             ; 26 (26)                   ; 0           ; 0            ; 0       ; 0         ; 0    ; 0            ; |test|debounce:db                             ; debounce     ; work         ;
;    |sib:sib1|              ; 7 (7)               ; 0 (0)                     ; 0           ; 0            ; 0       ; 0         ; 0    ; 0            ; |test|sib:sib1                                ; sib          ; work         ;
+----------------------------+---------------------+---------------------------+-------------+--------------+---------+-----------+------+--------------+-----------------------------------------------+--------------+--------------+
Note: For table entries with two numbers listed, the numbers in parentheses indicate the number of resources of the given type used by the specific entity alone. The numbers listed outside of parentheses indicate the total resources of the given type used by the specific entity and all of its sub-entities in the hierarchy.


+--------------------------------------------------------------------------------------+
; Registers Removed During Synthesis                                                   ;
+----------------------------------------+---------------------------------------------+
; Register name                          ; Reason for Removal                          ;
+----------------------------------------+---------------------------------------------+
; AA[1,2]                                ; Stuck at GND due to stuck port data_in      ;
; AA[0]                                  ; Stuck at VCC due to stuck port data_in      ;
; MB                                     ; Stuck at GND due to stuck port data_in      ;
; FS[0]                                  ; Stuck at GND due to stuck port data_in      ;
; FS[1]                                  ; Stuck at VCC due to stuck port data_in      ;
; FS[2,3]                                ; Stuck at GND due to stuck port data_in      ;
; Cosin[0..7]                            ; Stuck at GND due to stuck port data_in      ;
; Datain[5..7]                           ; Merged with Datain[4]                       ;
; DS[1]                                  ; Merged with MD                              ;
; LD                                     ; Merged with BA[1]                           ;
; DS[2]                                  ; Merged with DS[0]                           ;
; Rep_Lab_07:rr7|registerfile:rff|R2[0]  ; Stuck at GND due to stuck port clock_enable ;
; Rep_Lab_07:rr7|registerfile:rff|R0[0]  ; Stuck at GND due to stuck port clock_enable ;
; Rep_Lab_07:rr7|registerfile:rff|R5[0]  ; Stuck at GND due to stuck port clock_enable ;
; Rep_Lab_07:rr7|registerfile:rff|R7[0]  ; Stuck at GND due to stuck port clock_enable ;
; Rep_Lab_07:rr7|registerfile:rff|R2[1]  ; Stuck at GND due to stuck port clock_enable ;
; Rep_Lab_07:rr7|registerfile:rff|R0[1]  ; Stuck at GND due to stuck port clock_enable ;
; Rep_Lab_07:rr7|registerfile:rff|R5[1]  ; Stuck at GND due to stuck port clock_enable ;
; Rep_Lab_07:rr7|registerfile:rff|R7[1]  ; Stuck at GND due to stuck port clock_enable ;
; Rep_Lab_07:rr7|registerfile:rff|R2[7]  ; Stuck at GND due to stuck port clock_enable ;
; Rep_Lab_07:rr7|registerfile:rff|R0[7]  ; Stuck at GND due to stuck port clock_enable ;
; Rep_Lab_07:rr7|registerfile:rff|R5[7]  ; Stuck at GND due to stuck port clock_enable ;
; Rep_Lab_07:rr7|registerfile:rff|R7[7]  ; Stuck at GND due to stuck port clock_enable ;
; Rep_Lab_07:rr7|registerfile:rff|R2[2]  ; Stuck at GND due to stuck port clock_enable ;
; Rep_Lab_07:rr7|registerfile:rff|R0[2]  ; Stuck at GND due to stuck port clock_enable ;
; Rep_Lab_07:rr7|registerfile:rff|R5[2]  ; Stuck at GND due to stuck port clock_enable ;
; Rep_Lab_07:rr7|registerfile:rff|R7[2]  ; Stuck at GND due to stuck port clock_enable ;
; Rep_Lab_07:rr7|registerfile:rff|R2[3]  ; Stuck at GND due to stuck port clock_enable ;
; Rep_Lab_07:rr7|registerfile:rff|R0[3]  ; Stuck at GND due to stuck port clock_enable ;
; Rep_Lab_07:rr7|registerfile:rff|R5[3]  ; Stuck at GND due to stuck port clock_enable ;
; Rep_Lab_07:rr7|registerfile:rff|R7[3]  ; Stuck at GND due to stuck port clock_enable ;
; Rep_Lab_07:rr7|registerfile:rff|R2[4]  ; Stuck at GND due to stuck port clock_enable ;
; Rep_Lab_07:rr7|registerfile:rff|R0[4]  ; Stuck at GND due to stuck port clock_enable ;
; Rep_Lab_07:rr7|registerfile:rff|R5[4]  ; Stuck at GND due to stuck port clock_enable ;
; Rep_Lab_07:rr7|registerfile:rff|R7[4]  ; Stuck at GND due to stuck port clock_enable ;
; Rep_Lab_07:rr7|registerfile:rff|R2[5]  ; Stuck at GND due to stuck port clock_enable ;
; Rep_Lab_07:rr7|registerfile:rff|R0[5]  ; Stuck at GND due to stuck port clock_enable ;
; Rep_Lab_07:rr7|registerfile:rff|R5[5]  ; Stuck at GND due to stuck port clock_enable ;
; Rep_Lab_07:rr7|registerfile:rff|R7[5]  ; Stuck at GND due to stuck port clock_enable ;
; Rep_Lab_07:rr7|registerfile:rff|R2[6]  ; Stuck at GND due to stuck port clock_enable ;
; Rep_Lab_07:rr7|registerfile:rff|R0[6]  ; Stuck at GND due to stuck port clock_enable ;
; Rep_Lab_07:rr7|registerfile:rff|R5[6]  ; Stuck at GND due to stuck port clock_enable ;
; Rep_Lab_07:rr7|registerfile:rff|R7[6]  ; Stuck at GND due to stuck port clock_enable ;
; BA[2]                                  ; Merged with BA[0]                           ;
; Total Number of Removed Registers = 55 ;                                             ;
+----------------------------------------+---------------------------------------------+


+---------------------------------------------------------------------------------------------------------------------------+
; Removed Registers Triggering Further Register Optimizations                                                               ;
+---------------+---------------------------+-------------------------------------------------------------------------------+
; Register name ; Reason for Removal        ; Registers Removed due to This Register                                        ;
+---------------+---------------------------+-------------------------------------------------------------------------------+
; AA[2]         ; Stuck at GND              ; Rep_Lab_07:rr7|registerfile:rff|R2[0], Rep_Lab_07:rr7|registerfile:rff|R0[0], ;
;               ; due to stuck port data_in ; Rep_Lab_07:rr7|registerfile:rff|R5[0], Rep_Lab_07:rr7|registerfile:rff|R7[0], ;
;               ;                           ; Rep_Lab_07:rr7|registerfile:rff|R2[1], Rep_Lab_07:rr7|registerfile:rff|R0[1], ;
;               ;                           ; Rep_Lab_07:rr7|registerfile:rff|R5[1], Rep_Lab_07:rr7|registerfile:rff|R7[1], ;
;               ;                           ; Rep_Lab_07:rr7|registerfile:rff|R2[7], Rep_Lab_07:rr7|registerfile:rff|R0[7], ;
;               ;                           ; Rep_Lab_07:rr7|registerfile:rff|R5[7], Rep_Lab_07:rr7|registerfile:rff|R7[7], ;
;               ;                           ; Rep_Lab_07:rr7|registerfile:rff|R2[2], Rep_Lab_07:rr7|registerfile:rff|R0[2], ;
;               ;                           ; Rep_Lab_07:rr7|registerfile:rff|R5[2], Rep_Lab_07:rr7|registerfile:rff|R7[2], ;
;               ;                           ; Rep_Lab_07:rr7|registerfile:rff|R2[3], Rep_Lab_07:rr7|registerfile:rff|R0[3], ;
;               ;                           ; Rep_Lab_07:rr7|registerfile:rff|R5[3], Rep_Lab_07:rr7|registerfile:rff|R7[3], ;
;               ;                           ; Rep_Lab_07:rr7|registerfile:rff|R2[4], Rep_Lab_07:rr7|registerfile:rff|R0[4], ;
;               ;                           ; Rep_Lab_07:rr7|registerfile:rff|R5[4], Rep_Lab_07:rr7|registerfile:rff|R7[4], ;
;               ;                           ; Rep_Lab_07:rr7|registerfile:rff|R2[5], Rep_Lab_07:rr7|registerfile:rff|R0[5], ;
;               ;                           ; Rep_Lab_07:rr7|registerfile:rff|R5[5], Rep_Lab_07:rr7|registerfile:rff|R7[5], ;
;               ;                           ; Rep_Lab_07:rr7|registerfile:rff|R2[6], Rep_Lab_07:rr7|registerfile:rff|R0[6], ;
;               ;                           ; Rep_Lab_07:rr7|registerfile:rff|R5[6], Rep_Lab_07:rr7|registerfile:rff|R7[6]  ;
+---------------+---------------------------+-------------------------------------------------------------------------------+


+------------------------------------------------------+
; General Register Statistics                          ;
+----------------------------------------------+-------+
; Statistic                                    ; Value ;
+----------------------------------------------+-------+
; Total registers                              ; 70    ;
; Number of registers using Synchronous Clear  ; 26    ;
; Number of registers using Synchronous Load   ; 0     ;
; Number of registers using Asynchronous Clear ; 0     ;
; Number of registers using Asynchronous Load  ; 0     ;
; Number of registers using Clock Enable       ; 69    ;
; Number of registers using Preset             ; 0     ;
+----------------------------------------------+-------+


+-----------------------------------------------------------------------------------------------------------------------------------------------------------+
; Multiplexer Restructuring Statistics (Restructuring Performed)                                                                                            ;
+--------------------+-----------+---------------+----------------------+------------------------+------------+---------------------------------------------+
; Multiplexer Inputs ; Bus Width ; Baseline Area ; Area if Restructured ; Saving if Restructured ; Registered ; Example Multiplexer Output                  ;
+--------------------+-----------+---------------+----------------------+------------------------+------------+---------------------------------------------+
; 3:1                ; 2 bits    ; 4 LEs         ; 2 LEs                ; 2 LEs                  ; Yes        ; |test|status[0]~reg0                        ;
; 3:1                ; 26 bits   ; 52 LEs        ; 26 LEs               ; 26 LEs                 ; Yes        ; |test|debounce:db|counter[6]                ;
; 8:1                ; 8 bits    ; 40 LEs        ; 16 LEs               ; 24 LEs                 ; Yes        ; |test|DS[0]                                 ;
; 8:1                ; 5 bits    ; 25 LEs        ; 5 LEs                ; 20 LEs                 ; Yes        ; |test|Datain[4]                             ;
; 8:1                ; 8 bits    ; 40 LEs        ; 40 LEs               ; 0 LEs                  ; No         ; |test|Rep_Lab_07:rr7|registerfile:rff|Mux15 ;
+--------------------+-----------+---------------+----------------------+------------------------+------------+---------------------------------------------+


+----------------------------------------------------------+
; Parameter Settings for User Entity Instance: debounce:db ;
+----------------+---------+-------------------------------+
; Parameter Name ; Value   ; Type                          ;
+----------------+---------+-------------------------------+
; divn_num       ; 5000000 ; Signed Integer                ;
+----------------+---------+-------------------------------+
Note: In order to hide this table in the UI and the text report file, please set the "Show Parameter Settings in Synthesis Report" option in "Analysis and Synthesis Settings -> More Settings" to "Off".


+------------------------------------------------------------------------------------------------------------------------------------------------------------------------------------------------------------+
; Port Connectivity Checks: "sib:sib1"                                                                                                                                                                       ;
+------+-------+----------+----------------------------------------------------------------------------------------------------------------------------------------------------------------------------------+
; Port ; Type  ; Severity ; Details                                                                                                                                                                          ;
+------+-------+----------+----------------------------------------------------------------------------------------------------------------------------------------------------------------------------------+
; in   ; Input ; Warning  ; Input port expression (5 bits) is wider than the input port (4 bits) it drives.  The 1 most-significant bit(s) in the expression will be dangling if they have no other fanouts. ;
+------+-------+----------+----------------------------------------------------------------------------------------------------------------------------------------------------------------------------------+


+----------------------------------------------------------------------------------------------------------------+
; Port Connectivity Checks: "Rep_Lab_07:rr7|funtion_unit:fuu"                                                    ;
+------+--------+----------+-------------------------------------------------------------------------------------+
; Port ; Type   ; Severity ; Details                                                                             ;
+------+--------+----------+-------------------------------------------------------------------------------------+
; V    ; Output ; Info     ; Connected to dangling logic. Logic that only feeds a dangling port will be removed. ;
; C    ; Output ; Info     ; Connected to dangling logic. Logic that only feeds a dangling port will be removed. ;
; N    ; Output ; Info     ; Connected to dangling logic. Logic that only feeds a dangling port will be removed. ;
; Z    ; Output ; Info     ; Connected to dangling logic. Logic that only feeds a dangling port will be removed. ;
+------+--------+----------+-------------------------------------------------------------------------------------+


+------------------------------------------------------------------------------------------------------------------+
; Port Connectivity Checks: "Rep_Lab_07:rr7"                                                                       ;
+--------+--------+----------+-------------------------------------------------------------------------------------+
; Port   ; Type   ; Severity ; Details                                                                             ;
+--------+--------+----------+-------------------------------------------------------------------------------------+
; Addout ; Output ; Info     ; Connected to dangling logic. Logic that only feeds a dangling port will be removed. ;
+--------+--------+----------+-------------------------------------------------------------------------------------+


+-----------------------------------------------------+
; Post-Synthesis Netlist Statistics for Top Partition ;
+-----------------------+-----------------------------+
; Type                  ; Count                       ;
+-----------------------+-----------------------------+
; boundary_port         ; 32                          ;
; cycloneiii_ff         ; 70                          ;
;     ENA               ; 43                          ;
;     ENA SCLR          ; 26                          ;
;     plain             ; 1                           ;
; cycloneiii_lcell_comb ; 102                         ;
;     arith             ; 32                          ;
;         2 data inputs ; 25                          ;
;         3 data inputs ; 7                           ;
;     normal            ; 70                          ;
;         0 data inputs ; 1                           ;
;         1 data inputs ; 3                           ;
;         2 data inputs ; 5                           ;
;         3 data inputs ; 22                          ;
;         4 data inputs ; 39                          ;
;                       ;                             ;
; Max LUT depth         ; 6.00                        ;
; Average LUT depth     ; 3.46                        ;
+-----------------------+-----------------------------+


+-------------------------------+
; Elapsed Time Per Partition    ;
+----------------+--------------+
; Partition Name ; Elapsed Time ;
+----------------+--------------+
; Top            ; 00:00:01     ;
+----------------+--------------+


+-------------------------------+
; Analysis & Synthesis Messages ;
+-------------------------------+
Info: *******************************************************************
Info: Running Quartus Prime Analysis & Synthesis
    Info: Version 20.1.1 Build 720 11/11/2020 SJ Lite Edition
    Info: Processing started: Thu Jan 12 22:50:11 2023
Info: Command: quartus_map --read_settings_files=on --write_settings_files=off Rep_Lab_07 -c Rep_Lab_07
Warning (18236): Number of processors has not been specified which may cause overloading on shared machines.  Set the global assignment NUM_PARALLEL_PROCESSORS in your QSF to an appropriate value for best performance.
Info (20032): Parallel compilation is enabled and will use up to 4 processors
Info (12021): Found 1 design units, including 1 entities, in source file sib.v
    Info (12023): Found entity 1: sib File: C:/Users/lms02/OneDrive/Desktop/Computer_Organization_Experiment/Rep_Lab_07/sib.v Line: 1
Info (12021): Found 1 design units, including 1 entities, in source file funtion_unit.v
    Info (12023): Found entity 1: funtion_unit File: C:/Users/lms02/OneDrive/Desktop/Computer_Organization_Experiment/Rep_Lab_07/funtion_unit.v Line: 1
Info (12021): Found 1 design units, including 1 entities, in source file rep_lab_07.v
    Info (12023): Found entity 1: Rep_Lab_07 File: C:/Users/lms02/OneDrive/Desktop/Computer_Organization_Experiment/Rep_Lab_07/Rep_Lab_07.v Line: 1
Info (12021): Found 1 design units, including 1 entities, in source file alu.v
    Info (12023): Found entity 1: alu File: C:/Users/lms02/OneDrive/Desktop/Computer_Organization_Experiment/Rep_Lab_07/alu.v Line: 1
Info (12021): Found 1 design units, including 1 entities, in source file shifter.v
    Info (12023): Found entity 1: shifter File: C:/Users/lms02/OneDrive/Desktop/Computer_Organization_Experiment/Rep_Lab_07/shifter.v Line: 1
Warning (12019): Can't analyze file -- file Verilog1.v is missing
Info (12021): Found 1 design units, including 1 entities, in source file registerfile.v
    Info (12023): Found entity 1: registerfile File: C:/Users/lms02/OneDrive/Desktop/Computer_Organization_Experiment/Rep_Lab_07/registerfile.v Line: 1
Info (12021): Found 1 design units, including 1 entities, in source file test.v
    Info (12023): Found entity 1: test File: C:/Users/lms02/OneDrive/Desktop/Computer_Organization_Experiment/Rep_Lab_07/test.v Line: 1
Info (12021): Found 1 design units, including 1 entities, in source file minussib.v
    Info (12023): Found entity 1: minussib File: C:/Users/lms02/OneDrive/Desktop/Computer_Organization_Experiment/Rep_Lab_07/minussib.v Line: 1
Info (12127): Elaborating entity "test" for the top level hierarchy
Warning (10230): Verilog HDL assignment warning at test.v(24): truncated value with size 32 to match size of target (8) File: C:/Users/lms02/OneDrive/Desktop/Computer_Organization_Experiment/Rep_Lab_07/test.v Line: 24
Warning (10230): Verilog HDL assignment warning at test.v(33): truncated value with size 32 to match size of target (3) File: C:/Users/lms02/OneDrive/Desktop/Computer_Organization_Experiment/Rep_Lab_07/test.v Line: 33
Info (12128): Elaborating entity "Rep_Lab_07" for hierarchy "Rep_Lab_07:rr7" File: C:/Users/lms02/OneDrive/Desktop/Computer_Organization_Experiment/Rep_Lab_07/test.v Line: 15
Info (12128): Elaborating entity "registerfile" for hierarchy "Rep_Lab_07:rr7|registerfile:rff" File: C:/Users/lms02/OneDrive/Desktop/Computer_Organization_Experiment/Rep_Lab_07/Rep_Lab_07.v Line: 12
Info (12128): Elaborating entity "funtion_unit" for hierarchy "Rep_Lab_07:rr7|funtion_unit:fuu" File: C:/Users/lms02/OneDrive/Desktop/Computer_Organization_Experiment/Rep_Lab_07/Rep_Lab_07.v Line: 13
Info (12128): Elaborating entity "alu" for hierarchy "Rep_Lab_07:rr7|funtion_unit:fuu|alu:auu" File: C:/Users/lms02/OneDrive/Desktop/Computer_Organization_Experiment/Rep_Lab_07/funtion_unit.v Line: 9
Info (12128): Elaborating entity "shifter" for hierarchy "Rep_Lab_07:rr7|funtion_unit:fuu|shifter:stt" File: C:/Users/lms02/OneDrive/Desktop/Computer_Organization_Experiment/Rep_Lab_07/funtion_unit.v Line: 10
Info (12128): Elaborating entity "sib" for hierarchy "sib:sib1" File: C:/Users/lms02/OneDrive/Desktop/Computer_Organization_Experiment/Rep_Lab_07/test.v Line: 16
Warning (12125): Using design file debounce.v, which is not specified as a design file for the current project, but contains definitions for 1 design units and 1 entities in project
    Info (12023): Found entity 1: debounce File: C:/Users/lms02/OneDrive/Desktop/Computer_Organization_Experiment/Rep_Lab_07/debounce.v Line: 1
Info (12128): Elaborating entity "debounce" for hierarchy "debounce:db" File: C:/Users/lms02/OneDrive/Desktop/Computer_Organization_Experiment/Rep_Lab_07/test.v Line: 17
Warning (10230): Verilog HDL assignment warning at debounce.v(10): truncated value with size 32 to match size of target (26) File: C:/Users/lms02/OneDrive/Desktop/Computer_Organization_Experiment/Rep_Lab_07/debounce.v Line: 10
Info (12128): Elaborating entity "minussib" for hierarchy "minussib:minussb" File: C:/Users/lms02/OneDrive/Desktop/Computer_Organization_Experiment/Rep_Lab_07/test.v Line: 18
Warning (12241): 1 hierarchies have connectivity warnings - see the Connectivity Checks report folder
Warning (13024): Output pins are stuck at VCC or GND
    Warning (13410): Pin "neg[0]" is stuck at VCC File: C:/Users/lms02/OneDrive/Desktop/Computer_Organization_Experiment/Rep_Lab_07/test.v Line: 12
    Warning (13410): Pin "neg[1]" is stuck at VCC File: C:/Users/lms02/OneDrive/Desktop/Computer_Organization_Experiment/Rep_Lab_07/test.v Line: 12
    Warning (13410): Pin "neg[2]" is stuck at VCC File: C:/Users/lms02/OneDrive/Desktop/Computer_Organization_Experiment/Rep_Lab_07/test.v Line: 12
    Warning (13410): Pin "neg[3]" is stuck at VCC File: C:/Users/lms02/OneDrive/Desktop/Computer_Organization_Experiment/Rep_Lab_07/test.v Line: 12
    Warning (13410): Pin "neg[4]" is stuck at VCC File: C:/Users/lms02/OneDrive/Desktop/Computer_Organization_Experiment/Rep_Lab_07/test.v Line: 12
    Warning (13410): Pin "neg[5]" is stuck at VCC File: C:/Users/lms02/OneDrive/Desktop/Computer_Organization_Experiment/Rep_Lab_07/test.v Line: 12
Info (286030): Timing-Driven Synthesis is running
Info (144001): Generated suppressed messages file C:/Users/lms02/OneDrive/Desktop/Computer_Organization_Experiment/Rep_Lab_07/output_files/Rep_Lab_07.map.smsg
Info (16010): Generating hard_block partition "hard_block:auto_generated_inst"
    Info (16011): Adding 0 node(s), including 0 DDIO, 0 PLL, 0 transceiver and 0 LCELL
Info (21057): Implemented 164 device resources after synthesis - the final resource count might be different
    Info (21058): Implemented 7 input pins
    Info (21059): Implemented 25 output pins
    Info (21061): Implemented 132 logic cells
Info: Quartus Prime Analysis & Synthesis was successful. 0 errors, 14 warnings
    Info: Peak virtual memory: 4749 megabytes
    Info: Processing ended: Thu Jan 12 22:50:28 2023
    Info: Elapsed time: 00:00:17
    Info: Total CPU time (on all processors): 00:00:37


+------------------------------------------+
; Analysis & Synthesis Suppressed Messages ;
+------------------------------------------+
The suppressed messages can be found in C:/Users/lms02/OneDrive/Desktop/Computer_Organization_Experiment/Rep_Lab_07/output_files/Rep_Lab_07.map.smsg.


