Flow report for B0829002_task03
Thu Oct 20 21:50:00 2022
Quartus Prime Version 20.1.1 Build 720 11/11/2020 SJ Lite Edition


---------------------
; Table of Contents ;
---------------------
  1. Legal Notice
  2. Flow Summary
  3. Flow Settings
  4. Flow Non-Default Global Settings
  5. Flow Elapsed Time
  6. Flow OS Summary
  7. Flow Log
  8. Flow Messages
  9. Flow Suppressed Messages



----------------
; Legal Notice ;
----------------
Copyright (C) 2020  Intel Corporation. All rights reserved.
Your use of Intel Corporation's design tools, logic functions 
and other software and tools, and any partner logic 
functions, and any output files from any of the foregoing 
(including device programming or simulation files), and any 
associated documentation or information are expressly subject 
to the terms and conditions of the Intel Program License 
Subscription Agreement, the Intel Quartus Prime License Agreement,
the Intel FPGA IP License Agreement, or other applicable license
agreement, including, without limitation, that your use is for
the sole purpose of programming logic devices manufactured by
Intel and sold by Intel or its authorized distributors.  Please
refer to the applicable agreement for further details, at
https://fpgasoftware.intel.com/eula.



+----------------------------------------------------------------------------------+
; Flow Summary                                                                     ;
+------------------------------------+---------------------------------------------+
; Flow Status                        ; Successful - Thu Oct 20 21:49:53 2022       ;
; Quartus Prime Version              ; 20.1.1 Build 720 11/11/2020 SJ Lite Edition ;
; Revision Name                      ; B0829002_task03                             ;
; Top-level Entity Name              ; task03                                      ;
; Family                             ; Cyclone IV E                                ;
; Device                             ; EP4CE115F29C7                               ;
; Timing Models                      ; Final                                       ;
; Total logic elements               ; 34 / 114,480 ( < 1 % )                      ;
;     Total combinational functions  ; 34 / 114,480 ( < 1 % )                      ;
;     Dedicated logic registers      ; 27 / 114,480 ( < 1 % )                      ;
; Total registers                    ; 27                                          ;
; Total pins                         ; 2 / 529 ( < 1 % )                           ;
; Total virtual pins                 ; 0                                           ;
; Total memory bits                  ; 0 / 3,981,312 ( 0 % )                       ;
; Embedded Multiplier 9-bit elements ; 0 / 532 ( 0 % )                             ;
; Total PLLs                         ; 0 / 4 ( 0 % )                               ;
+------------------------------------+---------------------------------------------+


+-----------------------------------------+
; Flow Settings                           ;
+-------------------+---------------------+
; Option            ; Setting             ;
+-------------------+---------------------+
; Start date & time ; 10/20/2022 21:48:48 ;
; Main task         ; Compilation         ;
; Revision Name     ; B0829002_task03     ;
+-------------------+---------------------+


+---------------------------------------------------------------------------------------------------------------------------+
; Flow Non-Default Global Settings                                                                                          ;
+-------------------------------------+----------------------------------------+-----------------+-------------+------------+
; Assignment Name                     ; Value                                  ; Default Value   ; Entity Name ; Section Id ;
+-------------------------------------+----------------------------------------+-----------------+-------------+------------+
; COMPILER_SIGNATURE_ID               ; 103502382033861.166627372703012        ; --              ; --          ; --         ;
; MAX_CORE_JUNCTION_TEMP              ; 85                                     ; --              ; --          ; --         ;
; MIN_CORE_JUNCTION_TEMP              ; 0                                      ; --              ; --          ; --         ;
; PARTITION_COLOR                     ; -- (Not supported for targeted family) ; --              ; task03      ; Top        ;
; PARTITION_FITTER_PRESERVATION_LEVEL ; -- (Not supported for targeted family) ; --              ; task03      ; Top        ;
; PARTITION_NETLIST_TYPE              ; -- (Not supported for targeted family) ; --              ; task03      ; Top        ;
; PROJECT_OUTPUT_DIRECTORY            ; output_files                           ; --              ; --          ; --         ;
; TOP_LEVEL_ENTITY                    ; task03                                 ; B0829002_task03 ; --          ; --         ;
+-------------------------------------+----------------------------------------+-----------------+-------------+------------+


+--------------------------------------------------------------------------------------------------------------------------+
; Flow Elapsed Time                                                                                                        ;
+----------------------+--------------+-------------------------+---------------------+------------------------------------+
; Module Name          ; Elapsed Time ; Average Processors Used ; Peak Virtual Memory ; Total CPU Time (on all processors) ;
+----------------------+--------------+-------------------------+---------------------+------------------------------------+
; Analysis & Synthesis ; 00:00:22     ; 1.0                     ; 4750 MB             ; 00:00:50                           ;
; Fitter               ; 00:00:33     ; 1.0                     ; 5689 MB             ; 00:00:42                           ;
; Assembler            ; 00:00:07     ; 1.0                     ; 4686 MB             ; 00:00:07                           ;
; Timing Analyzer      ; 00:00:05     ; 1.0                     ; 4841 MB             ; 00:00:04                           ;
; Total                ; 00:01:07     ; --                      ; --                  ; 00:01:43                           ;
+----------------------+--------------+-------------------------+---------------------+------------------------------------+


+------------------------------------------------------------------------------------+
; Flow OS Summary                                                                    ;
+----------------------+------------------+------------+------------+----------------+
; Module Name          ; Machine Hostname ; OS Name    ; OS Version ; Processor type ;
+----------------------+------------------+------------+------------+----------------+
; Analysis & Synthesis ; LAPTOP-90K95NB2  ; Windows 10 ; 10.0       ; x86_64         ;
; Fitter               ; LAPTOP-90K95NB2  ; Windows 10 ; 10.0       ; x86_64         ;
; Assembler            ; LAPTOP-90K95NB2  ; Windows 10 ; 10.0       ; x86_64         ;
; Timing Analyzer      ; LAPTOP-90K95NB2  ; Windows 10 ; 10.0       ; x86_64         ;
+----------------------+------------------+------------+------------+----------------+


------------
; Flow Log ;
------------
quartus_map --read_settings_files=on --write_settings_files=off B0829002_task03 -c B0829002_task03
quartus_fit --read_settings_files=off --write_settings_files=off B0829002_task03 -c B0829002_task03
quartus_asm --read_settings_files=off --write_settings_files=off B0829002_task03 -c B0829002_task03
quartus_sta B0829002_task03 -c B0829002_task03



